*****************************************************************
      SolidWorks Corporation - IGES Processor Status Report
*****************************************************************
=================================================================
General Information
=================================================================
Sending System Product I.D.  : Noname
Receiving System Product I.D.: Noname
File Name                    : GFS8-4080-770-SC.igs
Sending System               :  By UGS Corp.
Preprocessor Version         : XPlus GENERIC/IGES 3.0
File Creation Date           : 20150825.113014
Model Creation Date          : 20150825.113014
Units                        : MM
Model Space Scale            : 1
Author                       : Noname
Organization                 : Noname


=================================================================
Entity Processing Information
=================================================================


=================================================================
Precision analysis of IGES file:
=================================================================
  Most prevalent number of significant digits:               2
  Highest number of significant digits:                     14
  Average number of significant digits:                4.47008
  Maximum distance to origin:                          771.298
  Minimum distance to origin:                                7
  Effective number of significant digits:              13.9921


=================================================================
Entity Summary
=================================================================
-----------------------------------------------------------------
Type Name                                         Count Converted
---- ----                                         ----- ---------
100  Arc                                             56        56
102  Composite curve                                292       292
110  Line                                           954       954
120  Surface of revolution                           14        14
122  Tabulated cylinder                             130       130
124  Transformation matrix                           56        56
126  Rational B-spline curve                        852       852
142  Curve on a parametric surface                  146       146
144  Trimmed parametric surface                     144       144
_________________________________________________________________


=================================================================
Result Summary
=================================================================
SolidWorks Feature Type                Count
-----------------------                -----
Solid feature(s)                       1
Surface feature(s)                     0
Curve/Sketch feature(s)                0
--------------------------------------------
Start time: martedì, agosto 25, 2015 11:30:36
Finish time: martedì, agosto 25, 2015 11:30:38
Processing time: 0 days, 00 hours, 00 mins, 02 secs
